<?xml version="1.0" encoding="UTF-8" ?>
<testsuite tests="28" failures="0" name="artOfTesting.googleCalcTest" time="2.507" errors="0" skipped="0">
  <properties>
[...]
</properties>
  <testcase classname="| https://www.google.co.in | 5 | 4 | + | 9 |" name="Given open google url&quot;https://www.google.co.in&quot;" time="0.002"/>
  <testcase classname="| https://www.google.co.in | 5 | 4 | + | 9 |" name="When enter details&quot;5&quot;in text box" time="0"/>
  <testcase classname="| https://www.google.co.in | 5 | 4 | + | 9 |" name="And enter details&quot;+&quot;in text box" time="0"/>
  <testcase classname="| https://www.google.co.in | 5 | 4 | + | 9 |" name="And enter details&quot;4&quot;in text box" time="0"/>
  <testcase classname="| https://www.google.co.in | 5 | 4 | + | 9 |" name="And hit on enter key" time="0"/>
  <testcase classname="| https://www.google.co.in | 5 | 4 | + | 9 |" name="Then result&quot;9&quot;should be displayed in box" time="0"/>
  <testcase classname="| https://www.google.co.in | 5 | 4 | + | 9 |" name="| https://www.google.co.in | 5 | 4 | + | 9 |" time="0.643"/>
  <testcase classname="| https://www.google.co.in | 5 | 25 | + | 30 |" name="Given open google url&quot;https://www.google.co.in&quot;" time="0"/>
  <testcase classname="| https://www.google.co.in | 5 | 25 | + | 30 |" name="When enter details&quot;5&quot;in text box" time="0"/>
  <testcase classname="| https://www.google.co.in | 5 | 25 | + | 30 |" name="And enter details&quot;+&quot;in text box" time="0"/>
  <testcase classname="| https://www.google.co.in | 5 | 25 | + | 30 |" name="And enter details&quot;25&quot;in text box" time="0"/>
  <testcase classname="| https://www.google.co.in | 5 | 25 | + | 30 |" name="And hit on enter key" time="0"/>
  <testcase classname="| https://www.google.co.in | 5 | 25 | + | 30 |" name="Then result&quot;30&quot;should be displayed in box" time="0"/>
  <testcase classname="| https://www.google.co.in | 5 | 25 | + | 30 |" name="| https://www.google.co.in | 5 | 25 | + | 30 |" time="0.612"/>
  <testcase classname="| https://www.google.co.in | 50 | 25 | - | 25 |" name="Given open google url&quot;https://www.google.co.in&quot;" time="0"/>
  <testcase classname="| https://www.google.co.in | 50 | 25 | - | 25 |" name="When enter details&quot;50&quot;in text box" time="0"/>
  <testcase classname="| https://www.google.co.in | 50 | 25 | - | 25 |" name="And enter details&quot;-&quot;in text box" time="0"/>
  <testcase classname="| https://www.google.co.in | 50 | 25 | - | 25 |" name="And enter details&quot;25&quot;in text box" time="0"/>
  <testcase classname="| https://www.google.co.in | 50 | 25 | - | 25 |" name="And hit on enter key" time="0"/>
  <testcase classname="| https://www.google.co.in | 50 | 25 | - | 25 |" name="Then result&quot;25&quot;should be displayed in box" time="0"/>
  <testcase classname="| https://www.google.co.in | 50 | 25 | - | 25 |" name="| https://www.google.co.in | 50 | 25 | - | 25 |" time="0.619"/>
  <testcase classname="| https://www.google.co.in | 5 | 25 | + | 30 |" name="Given open google url&quot;https://www.google.co.in&quot;" time="0"/>
  <testcase classname="| https://www.google.co.in | 5 | 25 | + | 30 |" name="When enter details&quot;5&quot;in text box" time="0"/>
  <testcase classname="| https://www.google.co.in | 5 | 25 | + | 30 |" name="And enter details&quot;+&quot;in text box" time="0"/>
  <testcase classname="| https://www.google.co.in | 5 | 25 | + | 30 |" name="And enter details&quot;25&quot;in text box" time="0"/>
  <testcase classname="| https://www.google.co.in | 5 | 25 | + | 30 |" name="And hit on enter key" time="0"/>
  <testcase classname="| https://www.google.co.in | 5 | 25 | + | 30 |" name="Then result&quot;30&quot;should be displayed in box" time="0"/>
  <testcase classname="| https://www.google.co.in | 5 | 25 | + | 30 |" name="| https://www.google.co.in | 5 | 25 | + | 30 |" time="0.631"/>
</testsuite>